<?xml version="1.0" encoding="UTF-8"?>
<!-- Generated by org.testng.reporters.JUnitXMLReporter -->
<testsuite ignored="0" hostname="DESKTOP-FJBVH7F" failures="0" tests="10" name="ChromeTest" time="61.726" errors="0" timestamp="2024-11-05T17:38:30 IST">
  <testcase classname="TestCase.TS001_CarLoanTest" name="validate_carLoanPage" time="0.586"/>
  <testcase classname="TestCase.TS001_CarLoanTest" name="user_enteringValues_carLoan" time="2.608"/>
  <testcase classname="TestCase.TS002_HomeLoanTest" name="validate_HomeLoanPage" time="0.562"/>
  <testcase classname="TestCase.TS002_HomeLoanTest" name="homeloan" time="3.517"/>
  <testcase classname="TestCase.TS003_UI_EMIcalculator" name="validate_EMICalPage" time="0.698"/>
  <testcase classname="TestCase.TS003_UI_EMIcalculator" name="user_validate_EMI_Calculator_functionality" time="3.96"/>
  <testcase classname="TestCase.TS004_UI_LoanAmountCalc" name="validate_EMICalPage" time="0.762"/>
  <testcase classname="TestCase.TS004_UI_LoanAmountCalc" name="user_validate_Loan_Amount_Calculator_functionality" time="3.623"/>
  <testcase classname="TestCase.TS005_UI_LoanTenureCalc" name="validate_EMICalPage" time="0.647"/>
  <testcase classname="TestCase.TS005_UI_LoanTenureCalc" name="user_validate_Loan_Tenure_Calculator_functionality" time="3.317"/>
</testsuite> <!-- ChromeTest -->
